<?xml version="1.0" encoding="UTF-8"?>
<!-- Generated by org.testng.reporters.JUnitXMLReporter -->
<testsuite ignored="0" hostname="DESKTOP-LIS2ISU" failures="0" tests="6" name="Default test" time="27.219" errors="0" timestamp="2022-02-03T19:38:46 WIB">
  <testcase classname="com.axiatadigitallabs.TestGitGithub" name="As_a_User_I_want_to_login_to_gistgithub_com" time="9.062"/>
  <testcase classname="com.axiatadigitallabs.TestGitGithub" name="As_a_User_I_want_to_create_a_gist" time="3.81"/>
  <testcase classname="com.axiatadigitallabs.TestGitGithub" name="As_a_User_I_want_to_see_the_list_of_gists" time="1.72"/>
  <testcase classname="com.axiatadigitallabs.TestGitGithub" name="As_a_User_I_want_to_delete_a_gist" time="2.348"/>
  <testcase classname="com.axiatadigitallabs.TestGitGithub" name="As_a_User_I_want_to_edit_a_gist" time="6.713"/>
  <testcase classname="com.axiatadigitallabs.TestGitGithub" name="As_a_User_I_want_to_logout_from_gist_github_com" time="3.03"/>
</testsuite> <!-- Default test -->
