<?xml version="1.0" encoding="UTF-8"?>
<testng-results ignored="0" total="6" passed="6" failed="0" skipped="0">
  <reporter-output>
  </reporter-output>
  <suite started-at="2022-02-03T19:38:19 WIB" name="Default suite" finished-at="2022-02-03T19:38:46 WIB" duration-ms="27219">
    <groups>
    </groups>
    <test started-at="2022-02-03T19:38:19 WIB" name="Default test" finished-at="2022-02-03T19:38:46 WIB" duration-ms="27219">
      <class name="com.axiatadigitallabs.TestGitGithub">
        <test-method is-config="true" signature="setup()[pri:0, instance:com.axiatadigitallabs.TestGitGithub@306f16f3]" started-at="2022-02-03T19:38:19 WIB" name="setup" finished-at="2022-02-03T19:38:19 WIB" duration-ms="6" status="PASS">
          <reporter-output>
          </reporter-output>
        </test-method> <!-- setup -->
        <test-method is-config="true" signature="springTestContextBeforeTestClass()[pri:0, instance:com.axiatadigitallabs.TestGitGithub@306f16f3]" started-at="2022-02-03T19:38:19 WIB" name="springTestContextBeforeTestClass" finished-at="2022-02-03T19:38:19 WIB" duration-ms="3" status="PASS">
          <reporter-output>
          </reporter-output>
        </test-method> <!-- springTestContextBeforeTestClass -->
        <test-method is-config="true" signature="springTestContextPrepareTestInstance()[pri:0, instance:com.axiatadigitallabs.TestGitGithub@306f16f3]" started-at="2022-02-03T19:38:19 WIB" name="springTestContextPrepareTestInstance" finished-at="2022-02-03T19:38:19 WIB" depends-on-methods="org.springframework.test.context.testng.AbstractTestNGSpringContextTests.springTestContextBeforeTestClass" duration-ms="457" status="PASS">
          <reporter-output>
          </reporter-output>
        </test-method> <!-- springTestContextPrepareTestInstance -->
        <test-method is-config="true" signature="springTestContextBeforeTestMethod(java.lang.reflect.Method)[pri:0, instance:com.axiatadigitallabs.TestGitGithub@306f16f3]" started-at="2022-02-03T19:38:19 WIB" name="springTestContextBeforeTestMethod" finished-at="2022-02-03T19:38:19 WIB" duration-ms="5" status="PASS">
          <params>
            <param index="0">
              <value>
                <![CDATA[public void com.axiatadigitallabs.TestGitGithub.As_a_User_I_want_to_login_to_gistgithub_com()]]>
              </value>
            </param>
          </params>
          <reporter-output>
          </reporter-output>
        </test-method> <!-- springTestContextBeforeTestMethod -->
        <test-method signature="As_a_User_I_want_to_login_to_gistgithub_com()[pri:0, instance:com.axiatadigitallabs.TestGitGithub@306f16f3]" started-at="2022-02-03T19:38:19 WIB" name="As_a_User_I_want_to_login_to_gistgithub_com" finished-at="2022-02-03T19:38:28 WIB" duration-ms="9062" status="PASS">
          <reporter-output>
          </reporter-output>
        </test-method> <!-- As_a_User_I_want_to_login_to_gistgithub_com -->
        <test-method is-config="true" signature="springTestContextAfterTestMethod(java.lang.reflect.Method)[pri:0, instance:com.axiatadigitallabs.TestGitGithub@306f16f3]" started-at="2022-02-03T19:38:28 WIB" name="springTestContextAfterTestMethod" finished-at="2022-02-03T19:38:28 WIB" duration-ms="3" status="PASS">
          <params>
            <param index="0">
              <value>
                <![CDATA[public void com.axiatadigitallabs.TestGitGithub.As_a_User_I_want_to_login_to_gistgithub_com()]]>
              </value>
            </param>
          </params>
          <reporter-output>
          </reporter-output>
        </test-method> <!-- springTestContextAfterTestMethod -->
        <test-method is-config="true" signature="springTestContextBeforeTestMethod(java.lang.reflect.Method)[pri:0, instance:com.axiatadigitallabs.TestGitGithub@306f16f3]" started-at="2022-02-03T19:38:28 WIB" name="springTestContextBeforeTestMethod" finished-at="2022-02-03T19:38:28 WIB" duration-ms="0" status="PASS">
          <params>
            <param index="0">
              <value>
                <![CDATA[public void com.axiatadigitallabs.TestGitGithub.As_a_User_I_want_to_create_a_gist()]]>
              </value>
            </param>
          </params>
          <reporter-output>
          </reporter-output>
        </test-method> <!-- springTestContextBeforeTestMethod -->
        <test-method signature="As_a_User_I_want_to_create_a_gist()[pri:1, instance:com.axiatadigitallabs.TestGitGithub@306f16f3]" started-at="2022-02-03T19:38:28 WIB" name="As_a_User_I_want_to_create_a_gist" finished-at="2022-02-03T19:38:32 WIB" duration-ms="3810" status="PASS">
          <reporter-output>
          </reporter-output>
        </test-method> <!-- As_a_User_I_want_to_create_a_gist -->
        <test-method is-config="true" signature="springTestContextAfterTestMethod(java.lang.reflect.Method)[pri:0, instance:com.axiatadigitallabs.TestGitGithub@306f16f3]" started-at="2022-02-03T19:38:32 WIB" name="springTestContextAfterTestMethod" finished-at="2022-02-03T19:38:32 WIB" duration-ms="1" status="PASS">
          <params>
            <param index="0">
              <value>
                <![CDATA[public void com.axiatadigitallabs.TestGitGithub.As_a_User_I_want_to_create_a_gist()]]>
              </value>
            </param>
          </params>
          <reporter-output>
          </reporter-output>
        </test-method> <!-- springTestContextAfterTestMethod -->
        <test-method is-config="true" signature="springTestContextBeforeTestMethod(java.lang.reflect.Method)[pri:0, instance:com.axiatadigitallabs.TestGitGithub@306f16f3]" started-at="2022-02-03T19:38:32 WIB" name="springTestContextBeforeTestMethod" finished-at="2022-02-03T19:38:32 WIB" duration-ms="1" status="PASS">
          <params>
            <param index="0">
              <value>
                <![CDATA[public void com.axiatadigitallabs.TestGitGithub.As_a_User_I_want_to_see_the_list_of_gists()]]>
              </value>
            </param>
          </params>
          <reporter-output>
          </reporter-output>
        </test-method> <!-- springTestContextBeforeTestMethod -->
        <test-method signature="As_a_User_I_want_to_see_the_list_of_gists()[pri:2, instance:com.axiatadigitallabs.TestGitGithub@306f16f3]" started-at="2022-02-03T19:38:32 WIB" name="As_a_User_I_want_to_see_the_list_of_gists" finished-at="2022-02-03T19:38:34 WIB" duration-ms="1720" status="PASS">
          <reporter-output>
          </reporter-output>
        </test-method> <!-- As_a_User_I_want_to_see_the_list_of_gists -->
        <test-method is-config="true" signature="springTestContextAfterTestMethod(java.lang.reflect.Method)[pri:0, instance:com.axiatadigitallabs.TestGitGithub@306f16f3]" started-at="2022-02-03T19:38:34 WIB" name="springTestContextAfterTestMethod" finished-at="2022-02-03T19:38:34 WIB" duration-ms="1" status="PASS">
          <params>
            <param index="0">
              <value>
                <![CDATA[public void com.axiatadigitallabs.TestGitGithub.As_a_User_I_want_to_see_the_list_of_gists()]]>
              </value>
            </param>
          </params>
          <reporter-output>
          </reporter-output>
        </test-method> <!-- springTestContextAfterTestMethod -->
        <test-method is-config="true" signature="springTestContextBeforeTestMethod(java.lang.reflect.Method)[pri:0, instance:com.axiatadigitallabs.TestGitGithub@306f16f3]" started-at="2022-02-03T19:38:34 WIB" name="springTestContextBeforeTestMethod" finished-at="2022-02-03T19:38:34 WIB" duration-ms="1" status="PASS">
          <params>
            <param index="0">
              <value>
                <![CDATA[public void com.axiatadigitallabs.TestGitGithub.As_a_User_I_want_to_delete_a_gist()]]>
              </value>
            </param>
          </params>
          <reporter-output>
          </reporter-output>
        </test-method> <!-- springTestContextBeforeTestMethod -->
        <test-method signature="As_a_User_I_want_to_delete_a_gist()[pri:3, instance:com.axiatadigitallabs.TestGitGithub@306f16f3]" started-at="2022-02-03T19:38:34 WIB" name="As_a_User_I_want_to_delete_a_gist" finished-at="2022-02-03T19:38:36 WIB" duration-ms="2348" status="PASS">
          <reporter-output>
          </reporter-output>
        </test-method> <!-- As_a_User_I_want_to_delete_a_gist -->
        <test-method is-config="true" signature="springTestContextAfterTestMethod(java.lang.reflect.Method)[pri:0, instance:com.axiatadigitallabs.TestGitGithub@306f16f3]" started-at="2022-02-03T19:38:36 WIB" name="springTestContextAfterTestMethod" finished-at="2022-02-03T19:38:36 WIB" duration-ms="1" status="PASS">
          <params>
            <param index="0">
              <value>
                <![CDATA[public void com.axiatadigitallabs.TestGitGithub.As_a_User_I_want_to_delete_a_gist()]]>
              </value>
            </param>
          </params>
          <reporter-output>
          </reporter-output>
        </test-method> <!-- springTestContextAfterTestMethod -->
        <test-method is-config="true" signature="springTestContextBeforeTestMethod(java.lang.reflect.Method)[pri:0, instance:com.axiatadigitallabs.TestGitGithub@306f16f3]" started-at="2022-02-03T19:38:36 WIB" name="springTestContextBeforeTestMethod" finished-at="2022-02-03T19:38:36 WIB" duration-ms="1" status="PASS">
          <params>
            <param index="0">
              <value>
                <![CDATA[public void com.axiatadigitallabs.TestGitGithub.As_a_User_I_want_to_edit_a_gist()]]>
              </value>
            </param>
          </params>
          <reporter-output>
          </reporter-output>
        </test-method> <!-- springTestContextBeforeTestMethod -->
        <test-method signature="As_a_User_I_want_to_edit_a_gist()[pri:4, instance:com.axiatadigitallabs.TestGitGithub@306f16f3]" started-at="2022-02-03T19:38:36 WIB" name="As_a_User_I_want_to_edit_a_gist" finished-at="2022-02-03T19:38:43 WIB" duration-ms="6713" status="PASS">
          <reporter-output>
          </reporter-output>
        </test-method> <!-- As_a_User_I_want_to_edit_a_gist -->
        <test-method is-config="true" signature="springTestContextAfterTestMethod(java.lang.reflect.Method)[pri:0, instance:com.axiatadigitallabs.TestGitGithub@306f16f3]" started-at="2022-02-03T19:38:43 WIB" name="springTestContextAfterTestMethod" finished-at="2022-02-03T19:38:43 WIB" duration-ms="1" status="PASS">
          <params>
            <param index="0">
              <value>
                <![CDATA[public void com.axiatadigitallabs.TestGitGithub.As_a_User_I_want_to_edit_a_gist()]]>
              </value>
            </param>
          </params>
          <reporter-output>
          </reporter-output>
        </test-method> <!-- springTestContextAfterTestMethod -->
        <test-method is-config="true" signature="springTestContextBeforeTestMethod(java.lang.reflect.Method)[pri:0, instance:com.axiatadigitallabs.TestGitGithub@306f16f3]" started-at="2022-02-03T19:38:43 WIB" name="springTestContextBeforeTestMethod" finished-at="2022-02-03T19:38:43 WIB" duration-ms="2" status="PASS">
          <params>
            <param index="0">
              <value>
                <![CDATA[public void com.axiatadigitallabs.TestGitGithub.As_a_User_I_want_to_logout_from_gist_github_com()]]>
              </value>
            </param>
          </params>
          <reporter-output>
          </reporter-output>
        </test-method> <!-- springTestContextBeforeTestMethod -->
        <test-method signature="As_a_User_I_want_to_logout_from_gist_github_com()[pri:5, instance:com.axiatadigitallabs.TestGitGithub@306f16f3]" started-at="2022-02-03T19:38:43 WIB" name="As_a_User_I_want_to_logout_from_gist_github_com" finished-at="2022-02-03T19:38:46 WIB" duration-ms="3030" status="PASS">
          <reporter-output>
          </reporter-output>
        </test-method> <!-- As_a_User_I_want_to_logout_from_gist_github_com -->
        <test-method is-config="true" signature="springTestContextAfterTestMethod(java.lang.reflect.Method)[pri:0, instance:com.axiatadigitallabs.TestGitGithub@306f16f3]" started-at="2022-02-03T19:38:46 WIB" name="springTestContextAfterTestMethod" finished-at="2022-02-03T19:38:46 WIB" duration-ms="1" status="PASS">
          <params>
            <param index="0">
              <value>
                <![CDATA[public void com.axiatadigitallabs.TestGitGithub.As_a_User_I_want_to_logout_from_gist_github_com()]]>
              </value>
            </param>
          </params>
          <reporter-output>
          </reporter-output>
        </test-method> <!-- springTestContextAfterTestMethod -->
        <test-method is-config="true" signature="springTestContextAfterTestClass()[pri:0, instance:com.axiatadigitallabs.TestGitGithub@306f16f3]" started-at="2022-02-03T19:38:46 WIB" name="springTestContextAfterTestClass" finished-at="2022-02-03T19:38:46 WIB" duration-ms="1" status="PASS">
          <reporter-output>
          </reporter-output>
        </test-method> <!-- springTestContextAfterTestClass -->
        <test-method is-config="true" signature="end()[pri:0, instance:com.axiatadigitallabs.TestGitGithub@306f16f3]" started-at="2022-02-03T19:38:46 WIB" name="end" finished-at="2022-02-03T19:38:47 WIB" duration-ms="1287" status="PASS">
          <reporter-output>
          </reporter-output>
        </test-method> <!-- end -->
      </class> <!-- com.axiatadigitallabs.TestGitGithub -->
    </test> <!-- Default test -->
  </suite> <!-- Default suite -->
</testng-results>
